

Started GET "/assets/rails.png" for 127.0.0.1 at 2013-03-05 08:06:12 +0000

ActiveRecord::ConnectionNotEstablished (ActiveRecord::ConnectionNotEstablished):
  activerecord (3.2.12) lib/active_record/connection_adapters/abstract/connection_pool.rb:410:in `retrieve_connection'
  activerecord (3.2.12) lib/active_record/connection_adapters/abstract/connection_specification.rb:171:in `retrieve_connection'
  activerecord (3.2.12) lib/active_record/connection_adapters/abstract/connection_specification.rb:145:in `connection'
  activerecord (3.2.12) lib/active_record/query_cache.rb:67:in `rescue in call'
  activerecord (3.2.12) lib/active_record/query_cache.rb:61:in `call'
  activerecord (3.2.12) lib/active_record/connection_adapters/abstract/connection_pool.rb:479:in `call'
  actionpack (3.2.12) lib/action_dispatch/middleware/callbacks.rb:28:in `block in call'
  activesupport (3.2.12) lib/active_support/callbacks.rb:405:in `_run__941060972__call__381920877__callbacks'
  activesupport (3.2.12) lib/active_support/callbacks.rb:405:in `__run_callback'
  activesupport (3.2.12) lib/active_support/callbacks.rb:385:in `_run_call_callbacks'
  activesupport (3.2.12) lib/active_support/callbacks.rb:81:in `run_callbacks'
  actionpack (3.2.12) lib/action_dispatch/middleware/callbacks.rb:27:in `call'
  actionpack (3.2.12) lib/action_dispatch/middleware/reloader.rb:65:in `call'
  actionpack (3.2.12) lib/action_dispatch/middleware/remote_ip.rb:31:in `call'
  actionpack (3.2.12) lib/action_dispatch/middleware/debug_exceptions.rb:16:in `call'
  actionpack (3.2.12) lib/action_dispatch/middleware/show_exceptions.rb:56:in `call'
  railties (3.2.12) lib/rails/rack/logger.rb:32:in `call_app'
  railties (3.2.12) lib/rails/rack/logger.rb:16:in `block in call'
  activesupport (3.2.12) lib/active_support/tagged_logging.rb:22:in `tagged'
  railties (3.2.12) lib/rails/rack/logger.rb:16:in `call'
  actionpack (3.2.12) lib/action_dispatch/middleware/request_id.rb:22:in `call'
  rack (1.4.5) lib/rack/methodoverride.rb:21:in `call'
  rack (1.4.5) lib/rack/runtime.rb:17:in `call'
  activesupport (3.2.12) lib/active_support/cache/strategy/local_cache.rb:72:in `call'
  rack (1.4.5) lib/rack/lock.rb:15:in `call'
  actionpack (3.2.12) lib/action_dispatch/middleware/static.rb:62:in `call'
  railties (3.2.12) lib/rails/engine.rb:479:in `call'
  railties (3.2.12) lib/rails/application.rb:223:in `call'
  rack (1.4.5) lib/rack/content_length.rb:14:in `call'
  railties (3.2.12) lib/rails/rack/log_tailer.rb:17:in `call'
  rack (1.4.5) lib/rack/handler/webrick.rb:59:in `service'
  /opt/bitnami/ruby/lib/ruby/1.9.1/webrick/httpserver.rb:138:in `service'
  /opt/bitnami/ruby/lib/ruby/1.9.1/webrick/httpserver.rb:94:in `run'
  /opt/bitnami/ruby/lib/ruby/1.9.1/webrick/server.rb:191:in `block in start_thread'


  Rendered /opt/bitnami/ruby/lib/ruby/gems/1.9.1/gems/actionpack-3.2.12/lib/action_dispatch/middleware/templates/rescues/_trace.erb (2.6ms)
  Rendered /opt/bitnami/ruby/lib/ruby/gems/1.9.1/gems/actionpack-3.2.12/lib/action_dispatch/middleware/templates/rescues/_request_and_response.erb (44.4ms)
  Rendered /opt/bitnami/ruby/lib/ruby/gems/1.9.1/gems/actionpack-3.2.12/lib/action_dispatch/middleware/templates/rescues/diagnostics.erb within rescues/layout (65.9ms)


Started GET "/assets/rails.png" for 127.0.0.1 at 2013-03-05 08:35:45 +0000

ActiveRecord::ConnectionNotEstablished (ActiveRecord::ConnectionNotEstablished):
  activerecord (3.2.12) lib/active_record/connection_adapters/abstract/connection_pool.rb:410:in `retrieve_connection'
  activerecord (3.2.12) lib/active_record/connection_adapters/abstract/connection_specification.rb:171:in `retrieve_connection'
  activerecord (3.2.12) lib/active_record/connection_adapters/abstract/connection_specification.rb:145:in `connection'
  activerecord (3.2.12) lib/active_record/query_cache.rb:67:in `rescue in call'
  activerecord (3.2.12) lib/active_record/query_cache.rb:61:in `call'
  activerecord (3.2.12) lib/active_record/connection_adapters/abstract/connection_pool.rb:479:in `call'
  actionpack (3.2.12) lib/action_dispatch/middleware/callbacks.rb:28:in `block in call'
  activesupport (3.2.12) lib/active_support/callbacks.rb:405:in `_run__889061884__call__836381247__callbacks'
  activesupport (3.2.12) lib/active_support/callbacks.rb:405:in `__run_callback'
  activesupport (3.2.12) lib/active_support/callbacks.rb:385:in `_run_call_callbacks'
  activesupport (3.2.12) lib/active_support/callbacks.rb:81:in `run_callbacks'
  actionpack (3.2.12) lib/action_dispatch/middleware/callbacks.rb:27:in `call'
  actionpack (3.2.12) lib/action_dispatch/middleware/reloader.rb:65:in `call'
  actionpack (3.2.12) lib/action_dispatch/middleware/remote_ip.rb:31:in `call'
  actionpack (3.2.12) lib/action_dispatch/middleware/debug_exceptions.rb:16:in `call'
  actionpack (3.2.12) lib/action_dispatch/middleware/show_exceptions.rb:56:in `call'
  railties (3.2.12) lib/rails/rack/logger.rb:32:in `call_app'
  railties (3.2.12) lib/rails/rack/logger.rb:16:in `block in call'
  activesupport (3.2.12) lib/active_support/tagged_logging.rb:22:in `tagged'
  railties (3.2.12) lib/rails/rack/logger.rb:16:in `call'
  actionpack (3.2.12) lib/action_dispatch/middleware/request_id.rb:22:in `call'
  rack (1.4.5) lib/rack/methodoverride.rb:21:in `call'
  rack (1.4.5) lib/rack/runtime.rb:17:in `call'
  activesupport (3.2.12) lib/active_support/cache/strategy/local_cache.rb:72:in `call'
  rack (1.4.5) lib/rack/lock.rb:15:in `call'
  actionpack (3.2.12) lib/action_dispatch/middleware/static.rb:62:in `call'
  railties (3.2.12) lib/rails/engine.rb:479:in `call'
  railties (3.2.12) lib/rails/application.rb:223:in `call'
  rack (1.4.5) lib/rack/content_length.rb:14:in `call'
  railties (3.2.12) lib/rails/rack/log_tailer.rb:17:in `call'
  rack (1.4.5) lib/rack/handler/webrick.rb:59:in `service'
  /opt/bitnami/ruby/lib/ruby/1.9.1/webrick/httpserver.rb:138:in `service'
  /opt/bitnami/ruby/lib/ruby/1.9.1/webrick/httpserver.rb:94:in `run'
  /opt/bitnami/ruby/lib/ruby/1.9.1/webrick/server.rb:191:in `block in start_thread'


  Rendered /opt/bitnami/ruby/lib/ruby/gems/1.9.1/gems/actionpack-3.2.12/lib/action_dispatch/middleware/templates/rescues/_trace.erb (1.6ms)
  Rendered /opt/bitnami/ruby/lib/ruby/gems/1.9.1/gems/actionpack-3.2.12/lib/action_dispatch/middleware/templates/rescues/_request_and_response.erb (47.9ms)
  Rendered /opt/bitnami/ruby/lib/ruby/gems/1.9.1/gems/actionpack-3.2.12/lib/action_dispatch/middleware/templates/rescues/diagnostics.erb within rescues/layout (62.1ms)
Connecting to database specified by database.yml
Connecting to database specified by database.yml
  [1m[36m (0.2ms)[0m  [1mselect sqlite_version(*)[0m
  [1m[35m (9.1ms)[0m  CREATE TABLE "schema_migrations" ("version" varchar(255) NOT NULL) 
  [1m[36m (4.3ms)[0m  [1mCREATE UNIQUE INDEX "unique_schema_migrations" ON "schema_migrations" ("version")[0m
  [1m[35m (0.1ms)[0m  SELECT "schema_migrations"."version" FROM "schema_migrations" 
Migrating to CreatePosts (20130305113234)
  [1m[36m (0.0ms)[0m  [1mbegin transaction[0m
  [1m[35m (0.5ms)[0m  CREATE TABLE "posts" ("id" INTEGER PRIMARY KEY AUTOINCREMENT NOT NULL, "title" varchar(255), "content" text, "created_at" datetime NOT NULL, "updated_at" datetime NOT NULL) 
  [1m[36m (0.3ms)[0m  [1mINSERT INTO "schema_migrations" ("version") VALUES ('20130305113234')[0m
  [1m[35m (6.0ms)[0m  commit transaction
  [1m[36m (0.1ms)[0m  [1mSELECT "schema_migrations"."version" FROM "schema_migrations" [0m


Started GET "/" for 127.0.0.1 at 2013-03-05 12:32:09 +0000
Connecting to database specified by database.yml
Processing by PostsController#index as HTML
  [1m[36mPost Load (0.1ms)[0m  [1mSELECT "posts".* FROM "posts" [0m
  Rendered posts/index.html.erb within layouts/application (38.2ms)
Compiled posts.css  (43ms)  (pid 4630)
Compiled scaffolds.css  (24ms)  (pid 4630)
Compiled application.css  (118ms)  (pid 4630)
Compiled jquery.js  (3ms)  (pid 4630)
Compiled jquery_ujs.js  (0ms)  (pid 4630)
Compiled posts.js  (263ms)  (pid 4630)
Compiled application.js  (404ms)  (pid 4630)
Completed 200 OK in 927ms (Views: 804.9ms | ActiveRecord: 35.1ms)


Started GET "/assets_dev/application.css?body=1" for 127.0.0.1 at 2013-03-05 12:32:11 +0000
Served asset /application.css - 200 OK (31ms)


Started GET "/assets_dev/posts.css?body=1" for 127.0.0.1 at 2013-03-05 12:32:11 +0000
Served asset /posts.css - 200 OK (1ms)


Started GET "/assets_dev/scaffolds.css?body=1" for 127.0.0.1 at 2013-03-05 12:32:11 +0000
Served asset /scaffolds.css - 200 OK (3ms)


Started GET "/assets_dev/jquery.js?body=1" for 127.0.0.1 at 2013-03-05 12:32:11 +0000
Served asset /jquery.js - 200 OK (8ms)


Started GET "/assets_dev/jquery_ujs.js?body=1" for 127.0.0.1 at 2013-03-05 12:32:11 +0000
Served asset /jquery_ujs.js - 200 OK (2ms)


Started GET "/assets_dev/posts.js?body=1" for 127.0.0.1 at 2013-03-05 12:32:11 +0000
Served asset /posts.js - 200 OK (1ms)


Started GET "/assets_dev/application.js?body=1" for 127.0.0.1 at 2013-03-05 12:32:11 +0000
Served asset /application.js - 200 OK (15ms)


Started GET "/posts/new" for 127.0.0.1 at 2013-03-05 12:32:24 +0000
Processing by PostsController#new as HTML
  Rendered posts/_form.html.erb (55.2ms)
  Rendered posts/new.html.erb within layouts/application (101.8ms)
Completed 200 OK in 141ms (Views: 128.7ms | ActiveRecord: 0.0ms)


Started POST "/posts" for 127.0.0.1 at 2013-03-05 12:32:34 +0000
Processing by PostsController#create as HTML
  Parameters: {"utf8"=>"✓", "authenticity_token"=>"rye2iv29AwLkL9X6bvst0IV/sxmksIMwx+hoW7NCk4o=", "post"=>{"title"=>"Fooo", "content"=>"Foo and foo"}, "commit"=>"Create Post"}
  [1m[35m (0.1ms)[0m  begin transaction
  [1m[36mSQL (74.1ms)[0m  [1mINSERT INTO "posts" ("content", "created_at", "title", "updated_at") VALUES (?, ?, ?, ?)[0m  [["content", "Foo and foo"], ["created_at", Tue, 05 Mar 2013 12:32:34 UTC +00:00], ["title", "Fooo"], ["updated_at", Tue, 05 Mar 2013 12:32:34 UTC +00:00]]
  [1m[35m (8.2ms)[0m  commit transaction
Redirected to http://localhost:3000/posts/1
Completed 302 Found in 90ms (ActiveRecord: 82.3ms)


Started GET "/posts/1" for 127.0.0.1 at 2013-03-05 12:32:35 +0000
Processing by PostsController#show as HTML
  Parameters: {"id"=>"1"}
  [1m[36mPost Load (0.3ms)[0m  [1mSELECT "posts".* FROM "posts" WHERE "posts"."id" = ? LIMIT 1[0m  [["id", "1"]]
  Rendered posts/show.html.erb within layouts/application (1.6ms)
Completed 200 OK in 17ms (Views: 9.4ms | ActiveRecord: 0.3ms)


Started GET "/" for 127.0.0.1 at 2013-03-05 12:32:53 +0000
Processing by PostsController#index as */*
  [1m[35mPost Load (0.2ms)[0m  SELECT "posts".* FROM "posts" 
  Rendered posts/index.html.erb within layouts/application (1.6ms)
Completed 200 OK in 9ms (Views: 7.7ms | ActiveRecord: 0.2ms)
